<?xml version="1.0" encoding="UTF-8"?>
<testsuites name="Cart Update Qty" time="120.969" tests="1" failures="0" errors="0">
   <testsuite name="Cart Update Qty" tests="1" failures="0" errors="0" time="120.969" skipped="0" timestamp="2025-09-13T14:44:51.467Z" hostname="BRI - DESKTOP-DJRE031" id="Test Suites/Cart Update Qty">
      <properties>
[...]
</properties>
      <testcase name="Test Cases/Cart - Update Qty" time="120.04" classname="Test Cases/Cart - Update Qty" status="PASSED">
         <system-out><![CDATA[13-09-2025T21:44:52 - [TEST_CASE][PASSED] - Test Cases/Cart - Update Qty: Test Cases/Cart - Update Qty

13-09-2025T21:44:53 - [TEST_STEP][PASSED] - openBrowser(URLDev): Browser is opened with url: 'https://sauce-demo.myshopify.com/'

13-09-2025T21:44:53 - [MESSAGE][INFO] - Starting 'Chrome' driver

13-09-2025T21:44:53 - [MESSAGE][INFO] - Action delay is set to 0 milliseconds

13-09-2025T21:45:37 - [MESSAGE][PASSED] - Browser is opened with url: 'https://sauce-demo.myshopify.com/'

13-09-2025T21:45:37 - [TEST_STEP][PASSED] - click(findTestObject("Object Repository/Cart/Catalog")): Object: 'Object Repository/Cart/Catalog' is clicked on

13-09-2025T21:45:40 - [MESSAGE][PASSED] - Object: 'Object Repository/Cart/Catalog' is clicked on

13-09-2025T21:45:40 - [TEST_STEP][PASSED] - takeFullPageScreenshot(): Taking screenshot successfully

13-09-2025T21:45:41 - [MESSAGE][INFO] - 0 hidden object(s)

13-09-2025T21:45:41 - [MESSAGE][PASSED] - Taking screenshot successfully
[[ATTACHMENT|C:\\Users\\BRI\\Katalon Studio\\Simple Test\\Reports\\20250913_214444\\Cart Update Qty\\20250913_214444\\1757774740584.png]]

13-09-2025T21:45:41 - [TEST_STEP][PASSED] - click(findTestObject("Object Repository/Cart/jacket")): Object: 'Object Repository/Cart/jacket' is clicked on

13-09-2025T21:45:43 - [MESSAGE][PASSED] - Object: 'Object Repository/Cart/jacket' is clicked on

13-09-2025T21:45:43 - [TEST_STEP][PASSED] - takeFullPageScreenshot(): Taking screenshot successfully

13-09-2025T21:45:44 - [MESSAGE][INFO] - 0 hidden object(s)

13-09-2025T21:45:44 - [MESSAGE][PASSED] - Taking screenshot successfully
[[ATTACHMENT|C:\\Users\\BRI\\Katalon Studio\\Simple Test\\Reports\\20250913_214444\\Cart Update Qty\\20250913_214444\\1757774744008.png]]

13-09-2025T21:45:44 - [TEST_STEP][PASSED] - click(findTestObject("Object Repository/Cart/addtochart")): Object: 'Object Repository/Cart/addtochart' is clicked on

13-09-2025T21:45:45 - [MESSAGE][PASSED] - Object: 'Object Repository/Cart/addtochart' is clicked on

13-09-2025T21:45:45 - [TEST_STEP][PASSED] - takeFullPageScreenshot(): Taking screenshot successfully

13-09-2025T21:45:45 - [MESSAGE][INFO] - 0 hidden object(s)

13-09-2025T21:45:45 - [MESSAGE][PASSED] - Taking screenshot successfully
[[ATTACHMENT|C:\\Users\\BRI\\Katalon Studio\\Simple Test\\Reports\\20250913_214444\\Cart Update Qty\\20250913_214444\\1757774745137.png]]

13-09-2025T21:45:45 - [TEST_STEP][PASSED] - delay(10): Delayed 10 second(s)

13-09-2025T21:45:55 - [MESSAGE][PASSED] - Delayed 10 second(s)

13-09-2025T21:45:55 - [TEST_STEP][PASSED] - click(findTestObject("Object Repository/Cart/checkout")): Object: 'Object Repository/Cart/checkout' is clicked on

13-09-2025T21:46:00 - [MESSAGE][PASSED] - Object: 'Object Repository/Cart/checkout' is clicked on

13-09-2025T21:46:00 - [TEST_STEP][PASSED] - takeFullPageScreenshot(): Taking screenshot successfully

13-09-2025T21:46:00 - [MESSAGE][INFO] - 0 hidden object(s)

13-09-2025T21:46:00 - [MESSAGE][PASSED] - Taking screenshot successfully
[[ATTACHMENT|C:\\Users\\BRI\\Katalon Studio\\Simple Test\\Reports\\20250913_214444\\Cart Update Qty\\20250913_214444\\1757774760210.png]]

13-09-2025T21:46:00 - [TEST_STEP][PASSED] - setText(findTestObject("Object Repository/Cart/qty"), "2"): Text '2' is set on object 'Object Repository/Cart/qty'

13-09-2025T21:46:01 - [MESSAGE][PASSED] - Text '2' is set on object 'Object Repository/Cart/qty'

13-09-2025T21:46:01 - [TEST_STEP][PASSED] - takeFullPageScreenshot(): Taking screenshot successfully

13-09-2025T21:46:01 - [MESSAGE][INFO] - 0 hidden object(s)

13-09-2025T21:46:02 - [MESSAGE][PASSED] - Taking screenshot successfully
[[ATTACHMENT|C:\\Users\\BRI\\Katalon Studio\\Simple Test\\Reports\\20250913_214444\\Cart Update Qty\\20250913_214444\\1757774761693.png]]

13-09-2025T21:46:02 - [TEST_STEP][PASSED] - click(findTestObject("Object Repository/Cart/update")): Object: 'Object Repository/Cart/update' is clicked on

13-09-2025T21:46:07 - [MESSAGE][PASSED] - Object: 'Object Repository/Cart/update' is clicked on

13-09-2025T21:46:07 - [TEST_STEP][PASSED] - takeFullPageScreenshot(): Taking screenshot successfully

13-09-2025T21:46:07 - [MESSAGE][INFO] - 0 hidden object(s)

13-09-2025T21:46:08 - [MESSAGE][PASSED] - Taking screenshot successfully
[[ATTACHMENT|C:\\Users\\BRI\\Katalon Studio\\Simple Test\\Reports\\20250913_214444\\Cart Update Qty\\20250913_214444\\1757774767600.png]]

13-09-2025T21:46:08 - [TEST_STEP][PASSED] - click(findTestObject("Object Repository/Cart/continueshopping")): Object: 'Object Repository/Cart/continueshopping' is clicked on

13-09-2025T21:46:13 - [MESSAGE][PASSED] - Object: 'Object Repository/Cart/continueshopping' is clicked on

13-09-2025T21:46:13 - [TEST_STEP][PASSED] - takeFullPageScreenshot(): Taking screenshot successfully

13-09-2025T21:46:14 - [MESSAGE][INFO] - 0 hidden object(s)

13-09-2025T21:46:14 - [MESSAGE][PASSED] - Taking screenshot successfully
[[ATTACHMENT|C:\\Users\\BRI\\Katalon Studio\\Simple Test\\Reports\\20250913_214444\\Cart Update Qty\\20250913_214444\\1757774773508.png]]

13-09-2025T21:46:14 - [TEST_STEP][PASSED] - click(findTestObject("Object Repository/Cart/sandals")): Object: 'Object Repository/Cart/sandals' is clicked on

13-09-2025T21:46:37 - [MESSAGE][PASSED] - Object: 'Object Repository/Cart/sandals' is clicked on

13-09-2025T21:46:37 - [TEST_STEP][PASSED] - takeFullPageScreenshot(): Taking screenshot successfully

13-09-2025T21:46:38 - [MESSAGE][INFO] - 0 hidden object(s)

13-09-2025T21:46:38 - [MESSAGE][PASSED] - Taking screenshot successfully
[[ATTACHMENT|C:\\Users\\BRI\\Katalon Studio\\Simple Test\\Reports\\20250913_214444\\Cart Update Qty\\20250913_214444\\1757774797761.png]]

13-09-2025T21:46:38 - [TEST_STEP][PASSED] - click(findTestObject("Object Repository/Cart/addtochart")): Object: 'Object Repository/Cart/addtochart' is clicked on

13-09-2025T21:46:39 - [MESSAGE][PASSED] - Object: 'Object Repository/Cart/addtochart' is clicked on

13-09-2025T21:46:39 - [TEST_STEP][PASSED] - takeFullPageScreenshot(): Taking screenshot successfully

13-09-2025T21:46:39 - [MESSAGE][INFO] - 0 hidden object(s)

13-09-2025T21:46:39 - [MESSAGE][PASSED] - Taking screenshot successfully
[[ATTACHMENT|C:\\Users\\BRI\\Katalon Studio\\Simple Test\\Reports\\20250913_214444\\Cart Update Qty\\20250913_214444\\1757774799038.png]]

13-09-2025T21:46:39 - [TEST_STEP][PASSED] - delay(10): Delayed 10 second(s)

13-09-2025T21:46:49 - [MESSAGE][PASSED] - Delayed 10 second(s)

13-09-2025T21:46:49 - [TEST_STEP][PASSED] - click(findTestObject("Object Repository/Cart/checkout")): Object: 'Object Repository/Cart/checkout' is clicked on

13-09-2025T21:46:51 - [MESSAGE][PASSED] - Object: 'Object Repository/Cart/checkout' is clicked on

13-09-2025T21:46:51 - [TEST_STEP][PASSED] - takeFullPageScreenshot(): Taking screenshot successfully

13-09-2025T21:46:52 - [MESSAGE][INFO] - 0 hidden object(s)

13-09-2025T21:46:52 - [MESSAGE][PASSED] - Taking screenshot successfully
[[ATTACHMENT|C:\\Users\\BRI\\Katalon Studio\\Simple Test\\Reports\\20250913_214444\\Cart Update Qty\\20250913_214444\\1757774811890.png]]]]></system-out>
         <system-err><![CDATA[]]></system-err>
      </testcase>
      <system-out><![CDATA[13-09-2025T21:44:51 - [TEST_SUITE][PASSED] - Cart Update Qty: null]]></system-out>
      <system-err><![CDATA[]]></system-err>
   </testsuite>
</testsuites>
