<?xml version="1.0" encoding="UTF-8"?>
<testsuites name="Register dan login berhasil" time="46.181" tests="1" failures="0" errors="0">
   <testsuite name="Register dan login berhasil" tests="1" failures="0" errors="0" time="46.181" skipped="0" timestamp="2025-09-13T12:21:24.653Z" hostname="BRI - DESKTOP-DJRE031" id="Test Suites/Register dan login berhasil">
      <properties>
[...]
</properties>
      <testcase name="Test Cases/Register dan login Berhasil" time="44.962" classname="Test Cases/Register dan login Berhasil" status="PASSED">
         <system-out><![CDATA[13-09-2025T19:21:25 - [TEST_CASE][PASSED] - Test Cases/Register dan login Berhasil: Test Cases/Register dan login Berhasil

13-09-2025T19:21:27 - [TEST_STEP][PASSED] - openBrowser(URLDev): Browser is opened with url: 'https://sauce-demo.myshopify.com/'

13-09-2025T19:21:27 - [MESSAGE][INFO] - Starting 'Chrome' driver

13-09-2025T19:21:27 - [MESSAGE][INFO] - Action delay is set to 0 milliseconds

13-09-2025T19:21:38 - [MESSAGE][PASSED] - Browser is opened with url: 'https://sauce-demo.myshopify.com/'

13-09-2025T19:21:38 - [TEST_STEP][PASSED] - click(findTestObject("Object Repository/Page_Create Account  Sauce Demo/Sign_Up")): Object: 'Object Repository/Page_Create Account  Sauce Demo/Sign_Up' is clicked on

13-09-2025T19:21:42 - [MESSAGE][PASSED] - Object: 'Object Repository/Page_Create Account  Sauce Demo/Sign_Up' is clicked on

13-09-2025T19:21:42 - [TEST_STEP][PASSED] - takeFullPageScreenshot(): Taking screenshot successfully

13-09-2025T19:21:43 - [MESSAGE][INFO] - 0 hidden object(s)

13-09-2025T19:21:43 - [MESSAGE][PASSED] - Taking screenshot successfully
[[ATTACHMENT|C:\\Users\\BRI\\Katalon Studio\\Simple Test\\Reports\\20250913_192117\\Register dan login berhasil\\20250913_192117\\1757766102726.png]]

13-09-2025T19:21:43 - [TEST_STEP][PASSED] - sheetRegister = getExcelDataWithDefaultSheet(FileProjectSimple + "\ProjectSimple.xlsx", "Register", true): null

13-09-2025T19:21:44 - [TEST_STEP][PASSED] - for ([row = 1, row <= sheetRegister.getRowNumbers(), (row++)]): Taking screenshot successfully

13-09-2025T19:21:45 - [TEST_STEP][PASSED] - firstname = sheetRegister.getValue(1, row): null

13-09-2025T19:21:45 - [TEST_STEP][PASSED] - lastname = sheetRegister.getValue(2, row): null

13-09-2025T19:21:45 - [TEST_STEP][PASSED] - email = sheetRegister.getValue(3, row): null

13-09-2025T19:21:45 - [TEST_STEP][PASSED] - password = sheetRegister.getValue(4, row): null

13-09-2025T19:21:45 - [TEST_STEP][PASSED] - comment($firstname | $lastname | $email | $password): sandra | dwi | sandradwi_test@gmail.com | sandradwi

13-09-2025T19:21:45 - [MESSAGE][INFO] - sandra | dwi | sandradwi_test@gmail.com | sandradwi

13-09-2025T19:21:45 - [TEST_STEP][PASSED] - setText(findTestObject("Object Repository/Page_Create Account  Sauce Demo/input_First Name"), firstname): Text 'sandra' is set on object 'Object Repository/Page_Create Account  Sauce Demo/input_First Name'

13-09-2025T19:21:46 - [MESSAGE][PASSED] - Text 'sandra' is set on object 'Object Repository/Page_Create Account  Sauce Demo/input_First Name'

13-09-2025T19:21:46 - [TEST_STEP][PASSED] - takeFullPageScreenshot(): Taking screenshot successfully

13-09-2025T19:21:46 - [MESSAGE][INFO] - 0 hidden object(s)

13-09-2025T19:21:46 - [MESSAGE][PASSED] - Taking screenshot successfully
[[ATTACHMENT|C:\\Users\\BRI\\Katalon Studio\\Simple Test\\Reports\\20250913_192117\\Register dan login berhasil\\20250913_192117\\1757766106115.png]]

13-09-2025T19:21:46 - [TEST_STEP][PASSED] - setText(findTestObject("Object Repository/Page_Create Account  Sauce Demo/input_Last Name"), lastname): Text 'dwi' is set on object 'Object Repository/Page_Create Account  Sauce Demo/input_Last Name'

13-09-2025T19:21:48 - [MESSAGE][PASSED] - Text 'dwi' is set on object 'Object Repository/Page_Create Account  Sauce Demo/input_Last Name'

13-09-2025T19:21:48 - [TEST_STEP][PASSED] - takeFullPageScreenshot(): Taking screenshot successfully

13-09-2025T19:21:48 - [MESSAGE][INFO] - 0 hidden object(s)

13-09-2025T19:21:48 - [MESSAGE][PASSED] - Taking screenshot successfully
[[ATTACHMENT|C:\\Users\\BRI\\Katalon Studio\\Simple Test\\Reports\\20250913_192117\\Register dan login berhasil\\20250913_192117\\1757766108527.png]]

13-09-2025T19:21:49 - [TEST_STEP][PASSED] - setText(findTestObject("Object Repository/Page_Create Account  Sauce Demo/input_Email Address"), email): Text 'sandradwi_test@gmail.com' is set on object 'Object Repository/Page_Create Account  Sauce Demo/input_Email Address'

13-09-2025T19:21:49 - [MESSAGE][PASSED] - Text 'sandradwi_test@gmail.com' is set on object 'Object Repository/Page_Create Account  Sauce Demo/input_Email Address'

13-09-2025T19:21:49 - [TEST_STEP][PASSED] - takeFullPageScreenshot(): Taking screenshot successfully

13-09-2025T19:21:50 - [MESSAGE][INFO] - 0 hidden object(s)

13-09-2025T19:21:50 - [MESSAGE][PASSED] - Taking screenshot successfully
[[ATTACHMENT|C:\\Users\\BRI\\Katalon Studio\\Simple Test\\Reports\\20250913_192117\\Register dan login berhasil\\20250913_192117\\1757766109910.png]]

13-09-2025T19:21:50 - [TEST_STEP][PASSED] - setText(findTestObject("Object Repository/Page_Create Account  Sauce Demo/input_Password"), password): Text 'sandradwi' is set on object 'Object Repository/Page_Create Account  Sauce Demo/input_Password'

13-09-2025T19:21:51 - [MESSAGE][PASSED] - Text 'sandradwi' is set on object 'Object Repository/Page_Create Account  Sauce Demo/input_Password'

13-09-2025T19:21:51 - [TEST_STEP][PASSED] - takeFullPageScreenshot(): Taking screenshot successfully

13-09-2025T19:21:51 - [MESSAGE][INFO] - 0 hidden object(s)

13-09-2025T19:21:52 - [MESSAGE][PASSED] - Taking screenshot successfully
[[ATTACHMENT|C:\\Users\\BRI\\Katalon Studio\\Simple Test\\Reports\\20250913_192117\\Register dan login berhasil\\20250913_192117\\1757766111396.png]]

13-09-2025T19:21:52 - [TEST_STEP][PASSED] - click(findTestObject("Object Repository/Page_Create Account  Sauce Demo/input_submit")): Object: 'Object Repository/Page_Create Account  Sauce Demo/input_submit' is clicked on

13-09-2025T19:21:52 - [MESSAGE][PASSED] - Object: 'Object Repository/Page_Create Account  Sauce Demo/input_submit' is clicked on

13-09-2025T19:21:52 - [TEST_STEP][PASSED] - takeFullPageScreenshot(): Taking screenshot successfully

13-09-2025T19:21:53 - [MESSAGE][INFO] - 0 hidden object(s)

13-09-2025T19:21:53 - [MESSAGE][PASSED] - Taking screenshot successfully
[[ATTACHMENT|C:\\Users\\BRI\\Katalon Studio\\Simple Test\\Reports\\20250913_192117\\Register dan login berhasil\\20250913_192117\\1757766112777.png]]

13-09-2025T19:21:53 - [TEST_STEP][PASSED] - delay(10): Delayed 10 second(s)

13-09-2025T19:22:03 - [MESSAGE][PASSED] - Delayed 10 second(s)

13-09-2025T19:22:03 - [TEST_STEP][PASSED] - click(findTestObject("Object Repository/Page_Login Sauce Demo/Login")): Object: 'Object Repository/Page_Login Sauce Demo/Login' is clicked on

13-09-2025T19:22:05 - [MESSAGE][PASSED] - Object: 'Object Repository/Page_Login Sauce Demo/Login' is clicked on

13-09-2025T19:22:05 - [TEST_STEP][PASSED] - takeFullPageScreenshot(): Taking screenshot successfully

13-09-2025T19:22:05 - [MESSAGE][INFO] - 0 hidden object(s)

13-09-2025T19:22:06 - [MESSAGE][PASSED] - Taking screenshot successfully
[[ATTACHMENT|C:\\Users\\BRI\\Katalon Studio\\Simple Test\\Reports\\20250913_192117\\Register dan login berhasil\\20250913_192117\\1757766125713.png]]

13-09-2025T19:22:06 - [TEST_STEP][PASSED] - sheetLogin = getExcelDataWithDefaultSheet(FileProjectSimple + "\ProjectSimple.xlsx", "Login", true): null

13-09-2025T19:22:06 - [TEST_STEP][PASSED] - for ([row = 1, row <= sheetLogin.getRowNumbers(), (row++)]): Taking screenshot successfully

13-09-2025T19:22:06 - [TEST_STEP][PASSED] - email = sheetLogin.getValue(1, row): null

13-09-2025T19:22:06 - [TEST_STEP][PASSED] - password = sheetLogin.getValue(2, row): null

13-09-2025T19:22:06 - [TEST_STEP][PASSED] - comment($email | $password): sandradwi@gmail.com | sandradwi

13-09-2025T19:22:06 - [MESSAGE][INFO] - sandradwi@gmail.com | sandradwi

13-09-2025T19:22:06 - [TEST_STEP][PASSED] - setText(findTestObject("Object Repository/Page_Login Sauce Demo/input_Email Address"), email): Text 'sandradwi@gmail.com' is set on object 'Object Repository/Page_Login Sauce Demo/input_Email Address'

13-09-2025T19:22:07 - [MESSAGE][PASSED] - Text 'sandradwi@gmail.com' is set on object 'Object Repository/Page_Login Sauce Demo/input_Email Address'

13-09-2025T19:22:07 - [TEST_STEP][PASSED] - takeFullPageScreenshot(): Taking screenshot successfully

13-09-2025T19:22:08 - [MESSAGE][INFO] - 0 hidden object(s)

13-09-2025T19:22:08 - [MESSAGE][PASSED] - Taking screenshot successfully
[[ATTACHMENT|C:\\Users\\BRI\\Katalon Studio\\Simple Test\\Reports\\20250913_192117\\Register dan login berhasil\\20250913_192117\\1757766127183.png]]

13-09-2025T19:22:08 - [TEST_STEP][PASSED] - setText(findTestObject("Object Repository/Page_Login Sauce Demo/input_Password"), password): Text 'sandradwi' is set on object 'Object Repository/Page_Login Sauce Demo/input_Password'

13-09-2025T19:22:09 - [MESSAGE][PASSED] - Text 'sandradwi' is set on object 'Object Repository/Page_Login Sauce Demo/input_Password'

13-09-2025T19:22:09 - [TEST_STEP][PASSED] - takeFullPageScreenshot(): Taking screenshot successfully

13-09-2025T19:22:09 - [MESSAGE][INFO] - 0 hidden object(s)

13-09-2025T19:22:09 - [MESSAGE][PASSED] - Taking screenshot successfully
[[ATTACHMENT|C:\\Users\\BRI\\Katalon Studio\\Simple Test\\Reports\\20250913_192117\\Register dan login berhasil\\20250913_192117\\1757766129586.png]]

13-09-2025T19:22:09 - [TEST_STEP][PASSED] - click(findTestObject("Object Repository/Page_Login Sauce Demo/signin_button")): Object: 'Object Repository/Page_Login Sauce Demo/signin_button' is clicked on

13-09-2025T19:22:10 - [MESSAGE][PASSED] - Object: 'Object Repository/Page_Login Sauce Demo/signin_button' is clicked on

13-09-2025T19:22:10 - [TEST_STEP][PASSED] - takeFullPageScreenshot(): Taking screenshot successfully

13-09-2025T19:22:10 - [MESSAGE][INFO] - 0 hidden object(s)

13-09-2025T19:22:10 - [MESSAGE][PASSED] - Taking screenshot successfully
[[ATTACHMENT|C:\\Users\\BRI\\Katalon Studio\\Simple Test\\Reports\\20250913_192117\\Register dan login berhasil\\20250913_192117\\1757766130455.png]]]]></system-out>
         <system-err><![CDATA[]]></system-err>
      </testcase>
      <system-out><![CDATA[13-09-2025T19:21:24 - [TEST_SUITE][PASSED] - Register dan login berhasil: null]]></system-out>
      <system-err><![CDATA[]]></system-err>
   </testsuite>
</testsuites>
