<?xml version="1.0" encoding="UTF-8"?>
<testsuites name="Cart Update Qty - Variation" time="63.801" tests="1" failures="0" errors="0">
   <testsuite name="Cart Update Qty - Variation" tests="1" failures="0" errors="0" time="63.801" skipped="0" timestamp="2025-09-13T15:57:14.187Z" hostname="BRI - DESKTOP-DJRE031" id="Test Suites/Cart Update Qty - Variation">
      <properties>
[...]
</properties>
      <testcase name="Test Cases/Cart - Update Qty - Variation" time="62.877" classname="Test Cases/Cart - Update Qty - Variation" status="PASSED">
         <system-out><![CDATA[13-09-2025T22:57:15 - [TEST_CASE][PASSED] - Test Cases/Cart - Update Qty - Variation: Test Cases/Cart - Update Qty - Variation

13-09-2025T22:57:16 - [TEST_STEP][PASSED] - openBrowser(URLDev): Browser is opened with url: 'https://sauce-demo.myshopify.com/'

13-09-2025T22:57:16 - [MESSAGE][INFO] - Starting 'Chrome' driver

13-09-2025T22:57:17 - [MESSAGE][INFO] - Action delay is set to 0 milliseconds

13-09-2025T22:57:26 - [MESSAGE][PASSED] - Browser is opened with url: 'https://sauce-demo.myshopify.com/'

13-09-2025T22:57:26 - [TEST_STEP][PASSED] - click(findTestObject("Object Repository/Cart/Catalog")): Object: 'Object Repository/Cart/Catalog' is clicked on

13-09-2025T22:57:30 - [MESSAGE][PASSED] - Object: 'Object Repository/Cart/Catalog' is clicked on

13-09-2025T22:57:30 - [TEST_STEP][PASSED] - takeFullPageScreenshot(): Taking screenshot successfully

13-09-2025T22:57:32 - [MESSAGE][INFO] - 0 hidden object(s)

13-09-2025T22:57:33 - [MESSAGE][PASSED] - Taking screenshot successfully
[[ATTACHMENT|C:\\Users\\BRI\\Katalon Studio\\Simple Test\\Reports\\20250913_225708\\Cart Update Qty - Variation\\20250913_225708\\1757779050739.png]]

13-09-2025T22:57:33 - [TEST_STEP][PASSED] - click(findTestObject("Object Repository/Cart/jacket")): Object: 'Object Repository/Cart/jacket' is clicked on

13-09-2025T22:57:36 - [MESSAGE][PASSED] - Object: 'Object Repository/Cart/jacket' is clicked on

13-09-2025T22:57:36 - [TEST_STEP][PASSED] - takeFullPageScreenshot(): Taking screenshot successfully

13-09-2025T22:57:36 - [MESSAGE][INFO] - 0 hidden object(s)

13-09-2025T22:57:36 - [MESSAGE][PASSED] - Taking screenshot successfully
[[ATTACHMENT|C:\\Users\\BRI\\Katalon Studio\\Simple Test\\Reports\\20250913_225708\\Cart Update Qty - Variation\\20250913_225708\\1757779056179.png]]

13-09-2025T22:57:36 - [TEST_STEP][PASSED] - click(findTestObject("Object Repository/Cart/addtochart")): Object: 'Object Repository/Cart/addtochart' is clicked on

13-09-2025T22:57:37 - [MESSAGE][PASSED] - Object: 'Object Repository/Cart/addtochart' is clicked on

13-09-2025T22:57:37 - [TEST_STEP][PASSED] - takeFullPageScreenshot(): Taking screenshot successfully

13-09-2025T22:57:37 - [MESSAGE][INFO] - 0 hidden object(s)

13-09-2025T22:57:38 - [MESSAGE][PASSED] - Taking screenshot successfully
[[ATTACHMENT|C:\\Users\\BRI\\Katalon Studio\\Simple Test\\Reports\\20250913_225708\\Cart Update Qty - Variation\\20250913_225708\\1757779057344.png]]

13-09-2025T22:57:38 - [TEST_STEP][PASSED] - delay(5): Delayed 5 second(s)

13-09-2025T22:57:43 - [MESSAGE][PASSED] - Delayed 5 second(s)

13-09-2025T22:57:43 - [TEST_STEP][PASSED] - click(findTestObject("Object Repository/Cart/checkout")): Object: 'Object Repository/Cart/checkout' is clicked on

13-09-2025T22:57:44 - [MESSAGE][PASSED] - Object: 'Object Repository/Cart/checkout' is clicked on

13-09-2025T22:57:44 - [TEST_STEP][PASSED] - takeFullPageScreenshot(): Taking screenshot successfully

13-09-2025T22:57:44 - [MESSAGE][INFO] - 0 hidden object(s)

13-09-2025T22:57:44 - [MESSAGE][PASSED] - Taking screenshot successfully
[[ATTACHMENT|C:\\Users\\BRI\\Katalon Studio\\Simple Test\\Reports\\20250913_225708\\Cart Update Qty - Variation\\20250913_225708\\1757779064330.png]]

13-09-2025T22:57:44 - [TEST_STEP][PASSED] - click(findTestObject("Object Repository/Cart/continueshopping")): Object: 'Object Repository/Cart/continueshopping' is clicked on

13-09-2025T22:57:46 - [MESSAGE][PASSED] - Object: 'Object Repository/Cart/continueshopping' is clicked on

13-09-2025T22:57:46 - [TEST_STEP][PASSED] - takeFullPageScreenshot(): Taking screenshot successfully

13-09-2025T22:57:47 - [MESSAGE][INFO] - 0 hidden object(s)

13-09-2025T22:57:47 - [MESSAGE][PASSED] - Taking screenshot successfully
[[ATTACHMENT|C:\\Users\\BRI\\Katalon Studio\\Simple Test\\Reports\\20250913_225708\\Cart Update Qty - Variation\\20250913_225708\\1757779066475.png]]

13-09-2025T22:57:47 - [TEST_STEP][PASSED] - click(findTestObject("Object Repository/Cart/sandals")): Object: 'Object Repository/Cart/sandals' is clicked on

13-09-2025T22:57:49 - [MESSAGE][PASSED] - Object: 'Object Repository/Cart/sandals' is clicked on

13-09-2025T22:57:49 - [TEST_STEP][PASSED] - takeFullPageScreenshot(): Taking screenshot successfully

13-09-2025T22:57:50 - [MESSAGE][INFO] - 0 hidden object(s)

13-09-2025T22:57:50 - [MESSAGE][PASSED] - Taking screenshot successfully
[[ATTACHMENT|C:\\Users\\BRI\\Katalon Studio\\Simple Test\\Reports\\20250913_225708\\Cart Update Qty - Variation\\20250913_225708\\1757779069843.png]]

13-09-2025T22:57:50 - [TEST_STEP][PASSED] - click(findTestObject("Object Repository/Cart/addtochart")): Object: 'Object Repository/Cart/addtochart' is clicked on

13-09-2025T22:57:51 - [MESSAGE][PASSED] - Object: 'Object Repository/Cart/addtochart' is clicked on

13-09-2025T22:57:51 - [TEST_STEP][PASSED] - takeFullPageScreenshot(): Taking screenshot successfully

13-09-2025T22:57:51 - [MESSAGE][INFO] - 0 hidden object(s)

13-09-2025T22:57:51 - [MESSAGE][PASSED] - Taking screenshot successfully
[[ATTACHMENT|C:\\Users\\BRI\\Katalon Studio\\Simple Test\\Reports\\20250913_225708\\Cart Update Qty - Variation\\20250913_225708\\1757779071163.png]]

13-09-2025T22:57:51 - [TEST_STEP][PASSED] - delay(5): Delayed 5 second(s)

13-09-2025T22:57:56 - [MESSAGE][PASSED] - Delayed 5 second(s)

13-09-2025T22:57:56 - [TEST_STEP][PASSED] - click(findTestObject("Object Repository/Cart/checkout")): Object: 'Object Repository/Cart/checkout' is clicked on

13-09-2025T22:57:58 - [MESSAGE][PASSED] - Object: 'Object Repository/Cart/checkout' is clicked on

13-09-2025T22:57:58 - [TEST_STEP][PASSED] - takeFullPageScreenshot(): Taking screenshot successfully

13-09-2025T22:57:58 - [MESSAGE][INFO] - 0 hidden object(s)

13-09-2025T22:57:58 - [MESSAGE][PASSED] - Taking screenshot successfully
[[ATTACHMENT|C:\\Users\\BRI\\Katalon Studio\\Simple Test\\Reports\\20250913_225708\\Cart Update Qty - Variation\\20250913_225708\\1757779078477.png]]

13-09-2025T22:57:58 - [TEST_STEP][PASSED] - testQuantities = ["2.5", "99999", "0"]: null

13-09-2025T22:57:58 - [TEST_STEP][PASSED] - for (def qty : testQuantities): Delayed 2 second(s)

13-09-2025T22:57:58 - [TEST_STEP][PASSED] - setText(findTestObject("Object Repository/Cart/qty"), qty): Text '2.5' is set on object 'Object Repository/Cart/qty'

13-09-2025T22:58:00 - [MESSAGE][PASSED] - Text '2.5' is set on object 'Object Repository/Cart/qty'

13-09-2025T22:58:00 - [TEST_STEP][PASSED] - takeFullPageScreenshot(): Taking screenshot successfully

13-09-2025T22:58:00 - [MESSAGE][INFO] - 0 hidden object(s)

13-09-2025T22:58:00 - [MESSAGE][PASSED] - Taking screenshot successfully
[[ATTACHMENT|C:\\Users\\BRI\\Katalon Studio\\Simple Test\\Reports\\20250913_225708\\Cart Update Qty - Variation\\20250913_225708\\1757779080067.png]]

13-09-2025T22:58:00 - [TEST_STEP][PASSED] - click(findTestObject("Object Repository/Cart/update")): Object: 'Object Repository/Cart/update' is clicked on

13-09-2025T22:58:03 - [MESSAGE][PASSED] - Object: 'Object Repository/Cart/update' is clicked on

13-09-2025T22:58:03 - [TEST_STEP][PASSED] - takeFullPageScreenshot(): Taking screenshot successfully

13-09-2025T22:58:03 - [MESSAGE][INFO] - 0 hidden object(s)

13-09-2025T22:58:03 - [MESSAGE][PASSED] - Taking screenshot successfully
[[ATTACHMENT|C:\\Users\\BRI\\Katalon Studio\\Simple Test\\Reports\\20250913_225708\\Cart Update Qty - Variation\\20250913_225708\\1757779083101.png]]

13-09-2025T22:58:03 - [TEST_STEP][PASSED] - delay(2): Delayed 2 second(s)

13-09-2025T22:58:05 - [MESSAGE][PASSED] - Delayed 2 second(s)

13-09-2025T22:58:05 - [TEST_STEP][PASSED] - setText(findTestObject("Object Repository/Cart/qty"), qty): Text '99999' is set on object 'Object Repository/Cart/qty'

13-09-2025T22:58:06 - [MESSAGE][PASSED] - Text '99999' is set on object 'Object Repository/Cart/qty'

13-09-2025T22:58:06 - [TEST_STEP][PASSED] - takeFullPageScreenshot(): Taking screenshot successfully

13-09-2025T22:58:06 - [MESSAGE][INFO] - 0 hidden object(s)

13-09-2025T22:58:06 - [MESSAGE][PASSED] - Taking screenshot successfully
[[ATTACHMENT|C:\\Users\\BRI\\Katalon Studio\\Simple Test\\Reports\\20250913_225708\\Cart Update Qty - Variation\\20250913_225708\\1757779086479.png]]

13-09-2025T22:58:06 - [TEST_STEP][PASSED] - click(findTestObject("Object Repository/Cart/update")): Object: 'Object Repository/Cart/update' is clicked on

13-09-2025T22:58:07 - [MESSAGE][PASSED] - Object: 'Object Repository/Cart/update' is clicked on

13-09-2025T22:58:07 - [TEST_STEP][PASSED] - takeFullPageScreenshot(): Taking screenshot successfully

13-09-2025T22:58:09 - [MESSAGE][INFO] - 0 hidden object(s)

13-09-2025T22:58:09 - [MESSAGE][PASSED] - Taking screenshot successfully
[[ATTACHMENT|C:\\Users\\BRI\\Katalon Studio\\Simple Test\\Reports\\20250913_225708\\Cart Update Qty - Variation\\20250913_225708\\1757779087352.png]]

13-09-2025T22:58:09 - [TEST_STEP][PASSED] - delay(2): Delayed 2 second(s)

13-09-2025T22:58:12 - [MESSAGE][PASSED] - Delayed 2 second(s)

13-09-2025T22:58:12 - [TEST_STEP][PASSED] - setText(findTestObject("Object Repository/Cart/qty"), qty): Text '0' is set on object 'Object Repository/Cart/qty'

13-09-2025T22:58:12 - [MESSAGE][PASSED] - Text '0' is set on object 'Object Repository/Cart/qty'

13-09-2025T22:58:12 - [TEST_STEP][PASSED] - takeFullPageScreenshot(): Taking screenshot successfully

13-09-2025T22:58:13 - [MESSAGE][INFO] - 0 hidden object(s)

13-09-2025T22:58:13 - [MESSAGE][PASSED] - Taking screenshot successfully
[[ATTACHMENT|C:\\Users\\BRI\\Katalon Studio\\Simple Test\\Reports\\20250913_225708\\Cart Update Qty - Variation\\20250913_225708\\1757779092885.png]]

13-09-2025T22:58:13 - [TEST_STEP][PASSED] - click(findTestObject("Object Repository/Cart/update")): Object: 'Object Repository/Cart/update' is clicked on

13-09-2025T22:58:15 - [MESSAGE][PASSED] - Object: 'Object Repository/Cart/update' is clicked on

13-09-2025T22:58:15 - [TEST_STEP][PASSED] - takeFullPageScreenshot(): Taking screenshot successfully

13-09-2025T22:58:15 - [MESSAGE][INFO] - 0 hidden object(s)

13-09-2025T22:58:15 - [MESSAGE][PASSED] - Taking screenshot successfully
[[ATTACHMENT|C:\\Users\\BRI\\Katalon Studio\\Simple Test\\Reports\\20250913_225708\\Cart Update Qty - Variation\\20250913_225708\\1757779095535.png]]

13-09-2025T22:58:15 - [TEST_STEP][PASSED] - delay(2): Delayed 2 second(s)

13-09-2025T22:58:17 - [MESSAGE][PASSED] - Delayed 2 second(s)]]></system-out>
         <system-err><![CDATA[]]></system-err>
      </testcase>
      <system-out><![CDATA[13-09-2025T22:57:14 - [TEST_SUITE][PASSED] - Cart Update Qty - Variation: null]]></system-out>
      <system-err><![CDATA[]]></system-err>
   </testsuite>
</testsuites>
