<?xml version="1.0" encoding="UTF-8"?>
<testsuites name="Login Gagal" time="49.331" tests="1" failures="0" errors="0">
   <testsuite name="Login Gagal" tests="1" failures="0" errors="0" time="49.331" skipped="0" timestamp="2025-09-13T12:29:02.924Z" hostname="BRI - DESKTOP-DJRE031" id="Test Suites/Login Gagal">
      <properties>
[...]
</properties>
      <testcase name="Test Cases/Login_Gagal" time="48.527" classname="Test Cases/Login_Gagal" status="PASSED">
         <properties>
            <property name="data_binding"><![CDATA[{"(Default) passw...":"","(Default) email":""}]]></property>
         </properties>
         <system-out><![CDATA[13-09-2025T19:29:03 - [TEST_CASE][PASSED] - Test Cases/Login_Gagal: Test Cases/Login_Gagal

13-09-2025T19:29:04 - [TEST_STEP][PASSED] - openBrowser(URLDev): Browser is opened with url: 'https://sauce-demo.myshopify.com/'

13-09-2025T19:29:05 - [MESSAGE][INFO] - Starting 'Chrome' driver

13-09-2025T19:29:05 - [MESSAGE][INFO] - Action delay is set to 0 milliseconds

13-09-2025T19:29:15 - [MESSAGE][PASSED] - Browser is opened with url: 'https://sauce-demo.myshopify.com/'

13-09-2025T19:29:15 - [TEST_STEP][PASSED] - click(findTestObject("Object Repository/Page_Login Sauce Demo/Login")): Object: 'Object Repository/Page_Login Sauce Demo/Login' is clicked on

13-09-2025T19:29:19 - [MESSAGE][PASSED] - Object: 'Object Repository/Page_Login Sauce Demo/Login' is clicked on

13-09-2025T19:29:19 - [TEST_STEP][PASSED] - takeFullPageScreenshot(): Taking screenshot successfully

13-09-2025T19:29:20 - [MESSAGE][INFO] - 0 hidden object(s)

13-09-2025T19:29:20 - [MESSAGE][PASSED] - Taking screenshot successfully
[[ATTACHMENT|C:\\Users\\BRI\\Katalon Studio\\Simple Test\\Reports\\20250913_192856\\Login Gagal\\20250913_192856\\1757766559592.png]]

13-09-2025T19:29:20 - [TEST_STEP][PASSED] - sheetLoginGagal = getExcelDataWithDefaultSheet(FileProjectSimple + "\ProjectSimple.xlsx", "LoginGagal", true): null

13-09-2025T19:29:22 - [TEST_STEP][PASSED] - for ([row = 1, row <= sheetLoginGagal.getRowNumbers(), (row++)]): Delayed 10 second(s)

13-09-2025T19:29:22 - [TEST_STEP][PASSED] - email = sheetLoginGagal.getValue(1, row): null

13-09-2025T19:29:22 - [TEST_STEP][PASSED] - password = sheetLoginGagal.getValue(2, row): null

13-09-2025T19:29:22 - [TEST_STEP][PASSED] - comment($email | $password): sandradwi@gmail.com | 123

13-09-2025T19:29:22 - [MESSAGE][INFO] - sandradwi@gmail.com | 123

13-09-2025T19:29:22 - [TEST_STEP][PASSED] - setText(findTestObject("Object Repository/Page_Login Sauce Demo/input_Email Address"), email): Text 'sandradwi@gmail.com' is set on object 'Object Repository/Page_Login Sauce Demo/input_Email Address'

13-09-2025T19:29:23 - [MESSAGE][PASSED] - Text 'sandradwi@gmail.com' is set on object 'Object Repository/Page_Login Sauce Demo/input_Email Address'

13-09-2025T19:29:23 - [TEST_STEP][PASSED] - takeFullPageScreenshot(): Taking screenshot successfully

13-09-2025T19:29:23 - [MESSAGE][INFO] - 0 hidden object(s)

13-09-2025T19:29:23 - [MESSAGE][PASSED] - Taking screenshot successfully
[[ATTACHMENT|C:\\Users\\BRI\\Katalon Studio\\Simple Test\\Reports\\20250913_192856\\Login Gagal\\20250913_192856\\1757766563239.png]]

13-09-2025T19:29:23 - [TEST_STEP][PASSED] - setText(findTestObject("Object Repository/Page_Login Sauce Demo/input_Password"), password): Text '123' is set on object 'Object Repository/Page_Login Sauce Demo/input_Password'

13-09-2025T19:29:25 - [MESSAGE][PASSED] - Text '123' is set on object 'Object Repository/Page_Login Sauce Demo/input_Password'

13-09-2025T19:29:25 - [TEST_STEP][PASSED] - takeFullPageScreenshot(): Taking screenshot successfully

13-09-2025T19:29:26 - [MESSAGE][INFO] - 0 hidden object(s)

13-09-2025T19:29:26 - [MESSAGE][PASSED] - Taking screenshot successfully
[[ATTACHMENT|C:\\Users\\BRI\\Katalon Studio\\Simple Test\\Reports\\20250913_192856\\Login Gagal\\20250913_192856\\1757766565979.png]]

13-09-2025T19:29:26 - [TEST_STEP][PASSED] - click(findTestObject("Object Repository/Page_Login Sauce Demo/signin_button")): Object: 'Object Repository/Page_Login Sauce Demo/signin_button' is clicked on

13-09-2025T19:29:26 - [MESSAGE][PASSED] - Object: 'Object Repository/Page_Login Sauce Demo/signin_button' is clicked on

13-09-2025T19:29:26 - [TEST_STEP][PASSED] - takeFullPageScreenshot(): Taking screenshot successfully

13-09-2025T19:29:27 - [MESSAGE][INFO] - 0 hidden object(s)

13-09-2025T19:29:27 - [MESSAGE][PASSED] - Taking screenshot successfully
[[ATTACHMENT|C:\\Users\\BRI\\Katalon Studio\\Simple Test\\Reports\\20250913_192856\\Login Gagal\\20250913_192856\\1757766566889.png]]

13-09-2025T19:29:27 - [TEST_STEP][PASSED] - delay(10): Delayed 10 second(s)

13-09-2025T19:29:37 - [MESSAGE][PASSED] - Delayed 10 second(s)

13-09-2025T19:29:37 - [TEST_STEP][PASSED] - email = sheetLoginGagal.getValue(1, row): null

13-09-2025T19:29:37 - [TEST_STEP][PASSED] - password = sheetLoginGagal.getValue(2, row): null

13-09-2025T19:29:37 - [TEST_STEP][PASSED] - comment($email | $password): sandradwi@gmail.com | 

13-09-2025T19:29:37 - [MESSAGE][INFO] - sandradwi@gmail.com | 

13-09-2025T19:29:37 - [TEST_STEP][PASSED] - setText(findTestObject("Object Repository/Page_Login Sauce Demo/input_Email Address"), email): Text 'sandradwi@gmail.com' is set on object 'Object Repository/Page_Login Sauce Demo/input_Email Address'

13-09-2025T19:29:40 - [MESSAGE][PASSED] - Text 'sandradwi@gmail.com' is set on object 'Object Repository/Page_Login Sauce Demo/input_Email Address'

13-09-2025T19:29:40 - [TEST_STEP][PASSED] - takeFullPageScreenshot(): Taking screenshot successfully

13-09-2025T19:29:40 - [MESSAGE][INFO] - 0 hidden object(s)

13-09-2025T19:29:40 - [MESSAGE][PASSED] - Taking screenshot successfully
[[ATTACHMENT|C:\\Users\\BRI\\Katalon Studio\\Simple Test\\Reports\\20250913_192856\\Login Gagal\\20250913_192856\\1757766580073.png]]

13-09-2025T19:29:40 - [TEST_STEP][PASSED] - setText(findTestObject("Object Repository/Page_Login Sauce Demo/input_Password"), password): Text '' is set on object 'Object Repository/Page_Login Sauce Demo/input_Password'

13-09-2025T19:29:41 - [MESSAGE][PASSED] - Text '' is set on object 'Object Repository/Page_Login Sauce Demo/input_Password'

13-09-2025T19:29:41 - [TEST_STEP][PASSED] - takeFullPageScreenshot(): Taking screenshot successfully

13-09-2025T19:29:41 - [MESSAGE][INFO] - 0 hidden object(s)

13-09-2025T19:29:41 - [MESSAGE][PASSED] - Taking screenshot successfully
[[ATTACHMENT|C:\\Users\\BRI\\Katalon Studio\\Simple Test\\Reports\\20250913_192856\\Login Gagal\\20250913_192856\\1757766581112.png]]

13-09-2025T19:29:41 - [TEST_STEP][PASSED] - click(findTestObject("Object Repository/Page_Login Sauce Demo/signin_button")): Object: 'Object Repository/Page_Login Sauce Demo/signin_button' is clicked on

13-09-2025T19:29:41 - [MESSAGE][PASSED] - Object: 'Object Repository/Page_Login Sauce Demo/signin_button' is clicked on

13-09-2025T19:29:41 - [TEST_STEP][PASSED] - takeFullPageScreenshot(): Taking screenshot successfully

13-09-2025T19:29:42 - [MESSAGE][INFO] - 0 hidden object(s)

13-09-2025T19:29:42 - [MESSAGE][PASSED] - Taking screenshot successfully
[[ATTACHMENT|C:\\Users\\BRI\\Katalon Studio\\Simple Test\\Reports\\20250913_192856\\Login Gagal\\20250913_192856\\1757766581878.png]]

13-09-2025T19:29:42 - [TEST_STEP][PASSED] - delay(10): Delayed 10 second(s)

13-09-2025T19:29:52 - [MESSAGE][PASSED] - Delayed 10 second(s)]]></system-out>
         <system-err><![CDATA[]]></system-err>
      </testcase>
      <system-out><![CDATA[13-09-2025T19:29:02 - [TEST_SUITE][PASSED] - Login Gagal: null]]></system-out>
      <system-err><![CDATA[]]></system-err>
   </testsuite>
</testsuites>
